{"C:\\Users\\Saul\\Desktop\\ADS\\3_SEMESTRE\\DesenvolvimentoServicosAPIs\\Aula05\\Soma_teste\\sum.js": {"path":"C:\\Users\\Saul\\Desktop\\ADS\\3_SEMESTRE\\DesenvolvimentoServicosAPIs\\Aula05\\Soma_teste\\sum.js","statementMap":{"0":{"start":{"line":2,"column":4},"end":{"line":2,"column":17}},"1":{"start":{"line":4,"column":2},"end":{"line":4,"column":24}}},"fnMap":{"0":{"name":"soma","decl":{"start":{"line":1,"column":9},"end":{"line":1,"column":13}},"loc":{"start":{"line":1,"column":20},"end":{"line":3,"column":3}},"line":1}},"branchMap":{},"s":{"0":2,"1":1},"f":{"0":2},"b":{},"_coverageSchema":"1a1c01bbd47fc00a2c39e90264f33305004495a9","hash":"3860b0a1d5441928366822e957e6f73a9640b8f3"}
}
